# Calling EP-Macro - 3/22/15 8:57 PM
# Command line: /data/jess/temp/nrgsim/18295/output/EP_G000000001/>/data/jess/EnergyPlus/EnergyPlusV8-8-0_L64/EPMacro
# EP-Macro returns: 0
# Calling EP-Macro - 3/22/15 8:57 PM
# Command line: /data/jess/temp/nrgsim/18295/output/EP_G000000001/>/data/jess/EnergyPlus/EnergyPlusV8-0-0_L64/EPMacro
# EP-Macro returns: 0
# Calling ExpandObjects - 22/03/15 20:57
# Command line: LN_K890B_2/18295/EP_G000000001/>/home/ensims/execnode/EnergyPlus/EnergyPlusV8-8-0_L64/ExpandObjects
ExpandObjects Started.
No expanded file generated.
ExpandObjects Finished. Time:     0.016
# ExpandObjects returns: 0
# Calling EnergyPlus - 22/03/15 20:57
# Command line: LN_K890B_2/18295/EP_G000000001/>/home/ensims/execnode/EnergyPlus/EnergyPlusV8-8-0_L64/EnergyPlus
 Missing Energy+.ini
 EnergyPlus Starting
 EnergyPlus, Version 8.8, YMD=2015.03.22 20:57
 Processing Data Dictionary
 Processing Input File
 Initializing Response Factors
 Calculating CTFs for "PROJECT PARTITION", Construction #2
 Calculating CTFs for "PROJECT INTERNAL FLOOR", Construction #3
 Calculating CTFs for "PROJECT INTERNAL CEILING", Construction #4
 Calculating CTFs for "SPANDRAL", Construction #5
 Calculating CTFs for "STEELFRAMED", Construction #6
 Calculating CTFs for "MASS", Construction #7
 Calculating CTFs for "METAL-BUILDING", Construction #8
 Calculating CTFs for "WOOD-FRAMED-AND-OTHER", Construction #9
 Initializing Window Optical Properties
 Initializing Solar Calculations
 Allocate Solar Module Arrays
 Initializing Zone Report Variables
 Initializing Surface (Shading) Report Variables
 Determining Shadowing Combinations
 Computing Window Shade Absorption Factors
 Initializing Solar Reflection Factors
 Proceeding with Initializing Solar Calculations
 Calculating Beam-to-Diffuse Exterior Solar Reflection Factors
 Calculating Beam-to-Beam Exterior Solar Reflection Factors
 Calculating Sky Diffuse Exterior Solar Reflection Factors
 Initializing Surfaces
 Initializing Outdoor environment for Surfaces
 Setting up Surface Reporting Variables
 Initializing Temperature and Flux Histories
 Initializing Window Shading
 Computing Interior Absorption Factors
 Computing Interior Diffuse Solar Absorption Factors
 Computing Interior Diffuse Solar Exchange through Interzone Windows
 Initializing Solar Heat Gains
 Initializing Internal Heat Gains
 Initializing Interior Solar Distribution
 Initializing Interior Convection Coefficients
 Gathering Information for Predefined Reporting
 Completed Initializing Surface Heat Balance
 Calculate Outside Surface Heat Balance
 Calculate Inside Surface Heat Balance
 Calculate Air Heat Balance
 Initializing HVAC
 Updating Beam-to-Diffuse Exterior Solar Reflection Factors
 Updating Beam-to-Beam Exterior Solar Reflection Factors
 Warming up
 Updating Beam-to-Diffuse Exterior Solar Reflection Factors
 Updating Beam-to-Beam Exterior Solar Reflection Factors
 Warming up
 Warming up
 Warming up
 Warming up
 Warming up
 Performing Zone Sizing Simulation
 ...for Sizing Period: #1 HOT
 Warming up
 Updating Beam-to-Diffuse Exterior Solar Reflection Factors
 Updating Beam-to-Beam Exterior Solar Reflection Factors
 Warming up
 Warming up
 Warming up
 Warming up
 Warming up
 Performing Zone Sizing Simulation
 ...for Sizing Period: #2 COLD
 Initializing Simulation
 Reporting Surfaces
 Initializing New Environment Parameters
 Warming up {1}
 Updating Beam-to-Diffuse Exterior Solar Reflection Factors
 Updating Beam-to-Beam Exterior Solar Reflection Factors
 Warming up {2}
 Warming up {3}
 Warming up {4}
 Warming up {5}
 Warming up {6}
 Starting Simulation at 01/01 for ANNUAL
 Updating Shadowing Calculations, Start Date=02/01
 Updating Beam-to-Diffuse Exterior Solar Reflection Factors
 Updating Beam-to-Beam Exterior Solar Reflection Factors
 Continuing Simulation at 02/01 for ANNUAL
 Updating Shadowing Calculations, Start Date=03/04
 Updating Beam-to-Diffuse Exterior Solar Reflection Factors
 Updating Beam-to-Beam Exterior Solar Reflection Factors
 Continuing Simulation at 03/04 for ANNUAL
 Updating Shadowing Calculations, Start Date=04/04
 Updating Beam-to-Diffuse Exterior Solar Reflection Factors
 Updating Beam-to-Beam Exterior Solar Reflection Factors
 Continuing Simulation at 04/04 for ANNUAL
 Updating Shadowing Calculations, Start Date=05/05
 Updating Beam-to-Diffuse Exterior Solar Reflection Factors
 Updating Beam-to-Beam Exterior Solar Reflection Factors
 Continuing Simulation at 05/05 for ANNUAL
 Updating Shadowing Calculations, Start Date=06/05
 Updating Beam-to-Diffuse Exterior Solar Reflection Factors
 Updating Beam-to-Beam Exterior Solar Reflection Factors
 Continuing Simulation at 06/05 for ANNUAL
 Updating Shadowing Calculations, Start Date=07/06
 Updating Beam-to-Diffuse Exterior Solar Reflection Factors
 Updating Beam-to-Beam Exterior Solar Reflection Factors
 Continuing Simulation at 07/06 for ANNUAL
 Updating Shadowing Calculations, Start Date=08/06
 Updating Beam-to-Diffuse Exterior Solar Reflection Factors
 Updating Beam-to-Beam Exterior Solar Reflection Factors
 Continuing Simulation at 08/06 for ANNUAL
 Updating Shadowing Calculations, Start Date=09/06
 Updating Beam-to-Diffuse Exterior Solar Reflection Factors
 Updating Beam-to-Beam Exterior Solar Reflection Factors
 Continuing Simulation at 09/06 for ANNUAL
 Updating Shadowing Calculations, Start Date=10/07
 Updating Beam-to-Diffuse Exterior Solar Reflection Factors
 Updating Beam-to-Beam Exterior Solar Reflection Factors
 Continuing Simulation at 10/07 for ANNUAL
 Updating Shadowing Calculations, Start Date=11/07
 Updating Beam-to-Diffuse Exterior Solar Reflection Factors
 Updating Beam-to-Beam Exterior Solar Reflection Factors
 Continuing Simulation at 11/07 for ANNUAL
 Updating Shadowing Calculations, Start Date=12/08
 Updating Beam-to-Diffuse Exterior Solar Reflection Factors
 Updating Beam-to-Beam Exterior Solar Reflection Factors
 Continuing Simulation at 12/08 for ANNUAL
 Writing tabular output file results using HTML format.
 Writing final SQL reports
 EnergyPlus Run Time=00hr 00min  8.13sec
EnergyPlus Completed Successfully.
# EnergyPlus returns: 0
# Calling ReadVarsESO - 3/22/15 8:57 PM
# Command line: /data/jess/temp/nrgsim/18295/output/EP_G000000001/>/data/jess/EnergyPlus/EnergyPlusV8-0-0_L64/PostProcess/ReadVarsESO /data/jess/temp/nrgsim/18295/null.rvi
 ReadVarsESO program starting.
 ReadVars Run Time=00hr 00min  0.05sec
 ReadVarsESO program completed successfully.
# ReadVarsESO returns: 0
/data/jess/temp/nrgsim/18295/output/EP_G000000001/eplusout.csv renamed to SimResults.csv
