# Calling EP-Macro - 3/18/15 10:55 PM
# Command line: /data/jess/temp/nrgsim/16351/output/EP_G000000000/>/data/jess/EnergyPlus/EnergyPlusV8-8-0_L64/EPMacro
# EP-Macro returns: 0
# Calling EP-Macro - 3/18/15 10:55 PM
# Command line: /data/jess/temp/nrgsim/16351/output/EP_G000000000/>/data/jess/EnergyPlus/EnergyPlusV8-0-0_L64/EPMacro
# EP-Macro returns: 0
# Calling ExpandObjects - 18/03/15 22:55
# Command line: LN_K890_5/16351/EP_G000000000/>/home/ensims/execnode/EnergyPlus/EnergyPlusV8-8-0_L64/ExpandObjects
ExpandObjects Started.
No expanded file generated.
ExpandObjects Finished. Time:     0.021
# ExpandObjects returns: 0
# Calling EnergyPlus - 18/03/15 22:55
# Command line: LN_K890_5/16351/EP_G000000000/>/home/ensims/execnode/EnergyPlus/EnergyPlusV8-8-0_L64/EnergyPlus
 Missing Energy+.ini
 EnergyPlus Starting
 EnergyPlus, Version 8.8, YMD=2015.03.18 22:55
 Processing Data Dictionary
 Processing Input File
 **FATAL:GetSurfaceData: Errors discovered, program terminates.
 EnergyPlus Run Time=00hr 00min  0.54sec
EnergyPlus Terminated--Error(s) Detected.
# EnergyPlus returns: 0
# Calling ReadVarsESO - 3/18/15 10:55 PM
# Command line: /data/jess/temp/nrgsim/16351/output/EP_G000000000/>/data/jess/EnergyPlus/EnergyPlusV8-0-0_L64/PostProcess/ReadVarsESO /data/jess/temp/nrgsim/16351/null.rvi
 ReadVarsESO program starting.
 EOF encountered during read of ESO header records
 probable EnergyPlus error condition -- check eplusout.err
 ReadVarsESO program terminated.
 ReadVars Run Time=00hr 00min  0.00sec
# ReadVarsESO returns: 0
/data/jess/temp/nrgsim/16351/output/EP_G000000000/eplusout.csv renamed to SimResults.csv
